<?xml version='1.0' encoding='UTF-8'?>
<testsuite hostname="geektech-Z570" name="QueryPeopleAboveThirtyTest" tests="2" errors="0" failures="1" time="24.542">
                     <properties>
[...]
</properties>
                     <testcase classname="QueryPeopleAboveThirtyTest" name="test initializing spark context" time="24.248">
                                                 
                                               </testcase><testcase classname="QueryPeopleAboveThirtyTest" name="test the query of people above 30" time="0.294">
                                                 <failure message="Only one SparkContext may be running in this JVM (see SPARK-2243). To ignore this error, set spark.driver.allowMultipleContexts = true. The currently running SparkContext was created at:
org.apache.spark.SparkContext.&lt;init&gt;(SparkContext.scala:77)
QueryPeopleAboveThirtyTest$$anonfun$1.apply(QueryPeopleAboveThirtyTest.scala:11)
QueryPeopleAboveThirtyTest$$anonfun$1.apply(QueryPeopleAboveThirtyTest.scala:8)
org.scalatest.OutcomeOf$class.outcomeOf(OutcomeOf.scala:85)
org.scalatest.OutcomeOf$.outcomeOf(OutcomeOf.scala:104)
org.scalatest.Transformer.apply(Transformer.scala:22)
org.scalatest.Transformer.apply(Transformer.scala:20)
org.scalatest.FunSuiteLike$$anon$1.apply(FunSuiteLike.scala:186)
org.scalatest.TestSuite$class.withFixture(TestSuite.scala:196)
org.scalatest.FunSuite.withFixture(FunSuite.scala:1560)
org.scalatest.FunSuiteLike$class.invokeWithFixture$1(FunSuiteLike.scala:183)
org.scalatest.FunSuiteLike$$anonfun$runTest$1.apply(FunSuiteLike.scala:196)
org.scalatest.FunSuiteLike$$anonfun$runTest$1.apply(FunSuiteLike.scala:196)
org.scalatest.SuperEngine.runTestImpl(Engine.scala:289)
org.scalatest.FunSuiteLike$class.runTest(FunSuiteLike.scala:196)
org.scalatest.FunSuite.runTest(FunSuite.scala:1560)
org.scalatest.FunSuiteLike$$anonfun$runTests$1.apply(FunSuiteLike.scala:229)
org.scalatest.FunSuiteLike$$anonfun$runTests$1.apply(FunSuiteLike.scala:229)
org.scalatest.SuperEngine$$anonfun$traverseSubNodes$1$1.apply(Engine.scala:396)
org.scalatest.SuperEngine$$anonfun$traverseSubNodes$1$1.apply(Engine.scala:384)" type="org.apache.spark.SparkException">org.apache.spark.SparkException: Only one SparkContext may be running in this JVM (see SPARK-2243). To ignore this error, set spark.driver.allowMultipleContexts = true. The currently running SparkContext was created at:
org.apache.spark.SparkContext.&lt;init&gt;(SparkContext.scala:77)
QueryPeopleAboveThirtyTest$$anonfun$1.apply(QueryPeopleAboveThirtyTest.scala:11)
QueryPeopleAboveThirtyTest$$anonfun$1.apply(QueryPeopleAboveThirtyTest.scala:8)
org.scalatest.OutcomeOf$class.outcomeOf(OutcomeOf.scala:85)
org.scalatest.OutcomeOf$.outcomeOf(OutcomeOf.scala:104)
org.scalatest.Transformer.apply(Transformer.scala:22)
org.scalatest.Transformer.apply(Transformer.scala:20)
org.scalatest.FunSuiteLike$$anon$1.apply(FunSuiteLike.scala:186)
org.scalatest.TestSuite$class.withFixture(TestSuite.scala:196)
org.scalatest.FunSuite.withFixture(FunSuite.scala:1560)
org.scalatest.FunSuiteLike$class.invokeWithFixture$1(FunSuiteLike.scala:183)
org.scalatest.FunSuiteLike$$anonfun$runTest$1.apply(FunSuiteLike.scala:196)
org.scalatest.FunSuiteLike$$anonfun$runTest$1.apply(FunSuiteLike.scala:196)
org.scalatest.SuperEngine.runTestImpl(Engine.scala:289)
org.scalatest.FunSuiteLike$class.runTest(FunSuiteLike.scala:196)
org.scalatest.FunSuite.runTest(FunSuite.scala:1560)
org.scalatest.FunSuiteLike$$anonfun$runTests$1.apply(FunSuiteLike.scala:229)
org.scalatest.FunSuiteLike$$anonfun$runTests$1.apply(FunSuiteLike.scala:229)
org.scalatest.SuperEngine$$anonfun$traverseSubNodes$1$1.apply(Engine.scala:396)
org.scalatest.SuperEngine$$anonfun$traverseSubNodes$1$1.apply(Engine.scala:384)
	at org.apache.spark.SparkContext$$anonfun$assertNoOtherContextIsRunning$2.apply(SparkContext.scala:2223)
	at org.apache.spark.SparkContext$$anonfun$assertNoOtherContextIsRunning$2.apply(SparkContext.scala:2219)
	at scala.Option.foreach(Option.scala:257)
	at org.apache.spark.SparkContext$.assertNoOtherContextIsRunning(SparkContext.scala:2219)
	at org.apache.spark.SparkContext$.markPartiallyConstructed(SparkContext.scala:2292)
	at org.apache.spark.SparkContext.&lt;init&gt;(SparkContext.scala:86)
	at QueryPeopleAboveThirtyTest$$anonfun$2.apply(QueryPeopleAboveThirtyTest.scala:22)
	at QueryPeopleAboveThirtyTest$$anonfun$2.apply(QueryPeopleAboveThirtyTest.scala:19)
	at org.scalatest.OutcomeOf$class.outcomeOf(OutcomeOf.scala:85)
	at org.scalatest.OutcomeOf$.outcomeOf(OutcomeOf.scala:104)
	at org.scalatest.Transformer.apply(Transformer.scala:22)
	at org.scalatest.Transformer.apply(Transformer.scala:20)
	at org.scalatest.FunSuiteLike$$anon$1.apply(FunSuiteLike.scala:186)
	at org.scalatest.TestSuite$class.withFixture(TestSuite.scala:196)
	at org.scalatest.FunSuite.withFixture(FunSuite.scala:1560)
	at org.scalatest.FunSuiteLike$class.invokeWithFixture$1(FunSuiteLike.scala:183)
	at org.scalatest.FunSuiteLike$$anonfun$runTest$1.apply(FunSuiteLike.scala:196)
	at org.scalatest.FunSuiteLike$$anonfun$runTest$1.apply(FunSuiteLike.scala:196)
	at org.scalatest.SuperEngine.runTestImpl(Engine.scala:289)
	at org.scalatest.FunSuiteLike$class.runTest(FunSuiteLike.scala:196)
	at org.scalatest.FunSuite.runTest(FunSuite.scala:1560)
	at org.scalatest.FunSuiteLike$$anonfun$runTests$1.apply(FunSuiteLike.scala:229)
	at org.scalatest.FunSuiteLike$$anonfun$runTests$1.apply(FunSuiteLike.scala:229)
	at org.scalatest.SuperEngine$$anonfun$traverseSubNodes$1$1.apply(Engine.scala:396)
	at org.scalatest.SuperEngine$$anonfun$traverseSubNodes$1$1.apply(Engine.scala:384)
	at scala.collection.immutable.List.foreach(List.scala:381)
	at org.scalatest.SuperEngine.traverseSubNodes$1(Engine.scala:384)
	at org.scalatest.SuperEngine.org$scalatest$SuperEngine$$runTestsInBranch(Engine.scala:379)
	at org.scalatest.SuperEngine.runTestsImpl(Engine.scala:461)
	at org.scalatest.FunSuiteLike$class.runTests(FunSuiteLike.scala:229)
	at org.scalatest.FunSuite.runTests(FunSuite.scala:1560)
	at org.scalatest.Suite$class.run(Suite.scala:1147)
	at org.scalatest.FunSuite.org$scalatest$FunSuiteLike$$super$run(FunSuite.scala:1560)
	at org.scalatest.FunSuiteLike$$anonfun$run$1.apply(FunSuiteLike.scala:233)
	at org.scalatest.FunSuiteLike$$anonfun$run$1.apply(FunSuiteLike.scala:233)
	at org.scalatest.SuperEngine.runImpl(Engine.scala:521)
	at org.scalatest.FunSuiteLike$class.run(FunSuiteLike.scala:233)
	at org.scalatest.FunSuite.run(FunSuite.scala:1560)
	at org.scalatest.tools.Framework.org$scalatest$tools$Framework$$runSuite(Framework.scala:314)
	at org.scalatest.tools.Framework$ScalaTestTask.execute(Framework.scala:480)
	at sbt.TestRunner.runTest$1(TestFramework.scala:76)
	at sbt.TestRunner.run(TestFramework.scala:85)
	at sbt.TestFramework$$anon$2$$anonfun$$init$$1$$anonfun$apply$8.apply(TestFramework.scala:202)
	at sbt.TestFramework$$anon$2$$anonfun$$init$$1$$anonfun$apply$8.apply(TestFramework.scala:202)
	at sbt.TestFramework$.sbt$TestFramework$$withContextLoader(TestFramework.scala:185)
	at sbt.TestFramework$$anon$2$$anonfun$$init$$1.apply(TestFramework.scala:202)
	at sbt.TestFramework$$anon$2$$anonfun$$init$$1.apply(TestFramework.scala:202)
	at sbt.TestFunction.apply(TestFramework.scala:207)
	at sbt.Tests$$anonfun$9.apply(Tests.scala:216)
	at sbt.Tests$$anonfun$9.apply(Tests.scala:216)
	at sbt.std.Transform$$anon$3$$anonfun$apply$2.apply(System.scala:44)
	at sbt.std.Transform$$anon$3$$anonfun$apply$2.apply(System.scala:44)
	at sbt.std.Transform$$anon$4.work(System.scala:63)
	at sbt.Execute$$anonfun$submit$1$$anonfun$apply$1.apply(Execute.scala:226)
	at sbt.Execute$$anonfun$submit$1$$anonfun$apply$1.apply(Execute.scala:226)
	at sbt.ErrorHandling$.wideConvert(ErrorHandling.scala:17)
	at sbt.Execute.work(Execute.scala:235)
	at sbt.Execute$$anonfun$submit$1.apply(Execute.scala:226)
	at sbt.Execute$$anonfun$submit$1.apply(Execute.scala:226)
	at sbt.ConcurrentRestrictions$$anon$4$$anonfun$1.apply(ConcurrentRestrictions.scala:159)
	at sbt.CompletionService$$anon$2.call(CompletionService.scala:28)
	at java.util.concurrent.FutureTask.run(FutureTask.java:266)
	at java.util.concurrent.Executors$RunnableAdapter.call(Executors.java:511)
	at java.util.concurrent.FutureTask.run(FutureTask.java:266)
	at java.util.concurrent.ThreadPoolExecutor.runWorker(ThreadPoolExecutor.java:1142)
	at java.util.concurrent.ThreadPoolExecutor$Worker.run(ThreadPoolExecutor.java:617)
	at java.lang.Thread.run(Thread.java:745)
</failure>
                                               </testcase>
                     <system-out></system-out>
                     <system-err></system-err>
                   </testsuite>